  binary.cpp
  graphbuilder.cpp
  graphbuilderadapter.cpp
  convert.cpp
  depthguard.cpp
  directives.cpp
  emit.cpp
  emitfromevents.cpp
  emitter.cpp
  emitterstate.cpp
  emitterutils.cpp
  exceptions.cpp
  exp.cpp
  memory.cpp
  node.cpp
  node_data.cpp
  nodebuilder.cpp
  nodeevents.cpp
  null.cpp
  ostream_wrapper.cpp
  parse.cpp
  parser.cpp
  regex_yaml.cpp
  scanner.cpp
  scanscalar.cpp
  scantag.cpp
  scantoken.cpp
  simplekey.cpp
  singledocparser.cpp
  stream.cpp
  tag.cpp
  Yaml.vcxproj -> F:\DEV\Sources\VisualStudio\MyHazel\MyHazel\vendor\Yaml\bin\Debug-windows-x86_64\Yaml\Yaml.lib
