f:\dev\sources\visualstudio\myhazel\myhazel\vendor\yaml\bin-int\debug-windows-x86_64\yaml\memory.obj
f:\dev\sources\visualstudio\myhazel\myhazel\vendor\yaml\bin-int\debug-windows-x86_64\yaml\parse.obj
f:\dev\sources\visualstudio\myhazel\myhazel\vendor\yaml\bin-int\debug-windows-x86_64\yaml\directives.obj
f:\dev\sources\visualstudio\myhazel\myhazel\vendor\yaml\bin-int\debug-windows-x86_64\yaml\null.obj
f:\dev\sources\visualstudio\myhazel\myhazel\vendor\yaml\bin-int\debug-windows-x86_64\yaml\stream.obj
f:\dev\sources\visualstudio\myhazel\myhazel\vendor\yaml\bin-int\debug-windows-x86_64\yaml\emitterstate.obj
f:\dev\sources\visualstudio\myhazel\myhazel\vendor\yaml\bin-int\debug-windows-x86_64\yaml\simplekey.obj
f:\dev\sources\visualstudio\myhazel\myhazel\vendor\yaml\bin-int\debug-windows-x86_64\yaml\graphbuilder.obj
f:\dev\sources\visualstudio\myhazel\myhazel\vendor\yaml\bin-int\debug-windows-x86_64\yaml\parser.obj
f:\dev\sources\visualstudio\myhazel\myhazel\vendor\yaml\bin-int\debug-windows-x86_64\yaml\exp.obj
f:\dev\sources\visualstudio\myhazel\myhazel\vendor\yaml\bin-int\debug-windows-x86_64\yaml\scantoken.obj
f:\dev\sources\visualstudio\myhazel\myhazel\vendor\yaml\bin-int\debug-windows-x86_64\yaml\node_data.obj
f:\dev\sources\visualstudio\myhazel\myhazel\vendor\yaml\bin-int\debug-windows-x86_64\yaml\exceptions.obj
f:\dev\sources\visualstudio\myhazel\myhazel\vendor\yaml\bin-int\debug-windows-x86_64\yaml\scanner.obj
f:\dev\sources\visualstudio\myhazel\myhazel\vendor\yaml\bin-int\debug-windows-x86_64\yaml\emitterutils.obj
f:\dev\sources\visualstudio\myhazel\myhazel\vendor\yaml\bin-int\debug-windows-x86_64\yaml\tag.obj
f:\dev\sources\visualstudio\myhazel\myhazel\vendor\yaml\bin-int\debug-windows-x86_64\yaml\emitter.obj
f:\dev\sources\visualstudio\myhazel\myhazel\vendor\yaml\bin-int\debug-windows-x86_64\yaml\singledocparser.obj
f:\dev\sources\visualstudio\myhazel\myhazel\vendor\yaml\bin-int\debug-windows-x86_64\yaml\emit.obj
f:\dev\sources\visualstudio\myhazel\myhazel\vendor\yaml\bin-int\debug-windows-x86_64\yaml\scantag.obj
f:\dev\sources\visualstudio\myhazel\myhazel\vendor\yaml\bin-int\debug-windows-x86_64\yaml\convert.obj
f:\dev\sources\visualstudio\myhazel\myhazel\vendor\yaml\bin-int\debug-windows-x86_64\yaml\depthguard.obj
f:\dev\sources\visualstudio\myhazel\myhazel\vendor\yaml\bin-int\debug-windows-x86_64\yaml\regex_yaml.obj
f:\dev\sources\visualstudio\myhazel\myhazel\vendor\yaml\bin-int\debug-windows-x86_64\yaml\emitfromevents.obj
f:\dev\sources\visualstudio\myhazel\myhazel\vendor\yaml\bin-int\debug-windows-x86_64\yaml\scanscalar.obj
f:\dev\sources\visualstudio\myhazel\myhazel\vendor\yaml\bin-int\debug-windows-x86_64\yaml\binary.obj
f:\dev\sources\visualstudio\myhazel\myhazel\vendor\yaml\bin-int\debug-windows-x86_64\yaml\nodeevents.obj
f:\dev\sources\visualstudio\myhazel\myhazel\vendor\yaml\bin-int\debug-windows-x86_64\yaml\node.obj
f:\dev\sources\visualstudio\myhazel\myhazel\vendor\yaml\bin-int\debug-windows-x86_64\yaml\nodebuilder.obj
f:\dev\sources\visualstudio\myhazel\myhazel\vendor\yaml\bin-int\debug-windows-x86_64\yaml\graphbuilderadapter.obj
f:\dev\sources\visualstudio\myhazel\myhazel\vendor\yaml\bin-int\debug-windows-x86_64\yaml\ostream_wrapper.obj
f:\dev\sources\visualstudio\myhazel\myhazel\vendor\yaml\bin\debug-windows-x86_64\yaml\yaml.pdb
f:\dev\sources\visualstudio\myhazel\myhazel\vendor\yaml\bin\debug-windows-x86_64\yaml\yaml.lib
f:\dev\sources\visualstudio\myhazel\myhazel\vendor\yaml\bin-int\debug-windows-x86_64\yaml\yaml.tlog\cl.10380.write.1.tlog
f:\dev\sources\visualstudio\myhazel\myhazel\vendor\yaml\bin-int\debug-windows-x86_64\yaml\yaml.tlog\cl.command.1.tlog
f:\dev\sources\visualstudio\myhazel\myhazel\vendor\yaml\bin-int\debug-windows-x86_64\yaml\yaml.tlog\cl.items.tlog
f:\dev\sources\visualstudio\myhazel\myhazel\vendor\yaml\bin-int\debug-windows-x86_64\yaml\yaml.tlog\cl.read.1.tlog
f:\dev\sources\visualstudio\myhazel\myhazel\vendor\yaml\bin-int\debug-windows-x86_64\yaml\yaml.tlog\lib-link.read.1.tlog
f:\dev\sources\visualstudio\myhazel\myhazel\vendor\yaml\bin-int\debug-windows-x86_64\yaml\yaml.tlog\lib-link.write.1.tlog
f:\dev\sources\visualstudio\myhazel\myhazel\vendor\yaml\bin-int\debug-windows-x86_64\yaml\yaml.tlog\lib.command.1.tlog
